<?xml version="1.0" encoding="UTF-8"?>
<!-- Generated by org.testng.reporters.JUnitReportReporter -->
<testsuite hostname="LAPTOP-ATK0T12F" failures="0" tests="1" name="ParameterAnnotation.ShopperStack" time="17.681" errors="0" timestamp="2024-05-20T10:05:08 IST" skipped="0">
  <testcase classname="ParameterAnnotation.ShopperStack" name="shopperLogin" time="17.681"/>
</testsuite> <!-- ParameterAnnotation.ShopperStack -->
