<?xml version="1.0" encoding="UTF-8"?>
<!-- Generated by org.testng.reporters.JUnitReportReporter -->
<testsuite hostname="LAPTOP-ATK0T12F" failures="0" tests="1" name="TestNGTravel.AbhiBus" time="5.764" errors="0" timestamp="2024-05-18T11:00:10 IST" skipped="0">
  <testcase classname="TestNGTravel.AbhiBus" name="Abhiabhi" time="5.764"/>
</testsuite> <!-- TestNGTravel.AbhiBus -->
