<?xml version="1.0" encoding="UTF-8"?>
<!-- Generated by org.testng.reporters.JUnitReportReporter -->
<testsuite hostname="LAPTOP-ATK0T12F" failures="0" tests="2" name="DataDrivenTesting.DataProviderTesting" time="25.746" errors="0" timestamp="2024-05-17T18:54:59 IST" skipped="0">
  <testcase classname="DataDrivenTesting.DataProviderTesting" name="reciever" time="11.176"/>
  <testcase classname="DataDrivenTesting.DataProviderTesting" name="reciever" time="14.570"/>
</testsuite> <!-- DataDrivenTesting.DataProviderTesting -->
