<?xml version="1.0" encoding="UTF-8"?>
<!-- Generated by org.testng.reporters.JUnitReportReporter -->
<testsuite hostname="LAPTOP-ATK0T12F" failures="0" tests="2" name="TestNGFashion.KalKi" time="24.907" errors="0" timestamp="2024-05-27T09:54:58 IST" skipped="0">
  <testcase classname="TestNGFashion.KalKi" name="Abhiabhi" time="12.676"/>
  <testcase classname="TestNGFashion.KalKi" name="Abhiabhi" time="12.231"/>
</testsuite> <!-- TestNGFashion.KalKi -->
