<?xml version="1.0" encoding="UTF-8"?>
<!-- Generated by org.testng.reporters.JUnitReportReporter -->
<testsuite hostname="LAPTOP-ATK0T12F" failures="0" tests="1" name="ClassAssignment.dwsGiftCard" time="16.279" errors="0" timestamp="2024-05-21T00:43:29 IST" skipped="0">
  <testcase classname="ClassAssignment.dwsGiftCard" name="dws" time="16.279"/>
</testsuite> <!-- ClassAssignment.dwsGiftCard -->
