<?xml version="1.0" encoding="UTF-8"?>
<!-- Generated by org.testng.reporters.JUnitReportReporter -->
<testsuite hostname="LAPTOP-ATK0T12F" failures="0" tests="1" name="Basic.ChronologicalOrder" time="0.022" errors="0" timestamp="2024-05-10T15:52:31 IST" skipped="0">
  <testcase classname="Basic.ChronologicalOrder" name="testCase" time="0.022"/>
</testsuite> <!-- Basic.ChronologicalOrder -->
