<?xml version="1.0" encoding="UTF-8"?>
<!-- Generated by org.testng.reporters.JUnitReportReporter -->
<testsuite hostname="LAPTOP-ATK0T12F" failures="0" tests="1" name="TestNG.DwsAddToProduct" time="8.974" errors="0" timestamp="2024-05-13T14:38:51 IST" skipped="0">
  <testcase classname="TestNG.DwsAddToProduct" name="addTocart" time="8.974"/>
</testsuite> <!-- TestNG.DwsAddToProduct -->
