<?xml version="1.0" encoding="UTF-8"?>
<!-- Generated by org.testng.reporters.JUnitReportReporter -->
<testsuite hostname="LAPTOP-ATK0T12F" failures="0" tests="1" name="Listeners.giftCardDWS" time="16.408" errors="0" timestamp="2024-05-25T23:22:49 IST" skipped="0">
  <testcase classname="Listeners.giftCardDWS" name="addGiftCard" time="16.408"/>
</testsuite> <!-- Listeners.giftCardDWS -->
