<?xml version="1.0" encoding="UTF-8"?>
<!-- Generated by org.testng.reporters.JUnitReportReporter -->
<testsuite hostname="LAPTOP-ATK0T12F" failures="0" tests="1" name="CrossBrowserTesting.CrossBrowser" time="21.264" errors="0" timestamp="2024-05-20T12:03:25 IST" skipped="0">
  <testcase classname="CrossBrowserTesting.CrossBrowser" name="crossBrowser" time="21.264"/>
</testsuite> <!-- CrossBrowserTesting.CrossBrowser -->
