<?xml version="1.0" encoding="UTF-8"?>
<!-- Generated by org.testng.reporters.JUnitReportReporter -->
<testsuite hostname="LAPTOP-ATK0T12F" failures="0" tests="4" name="Basic.LaunchExecution" time="142.755" errors="0" timestamp="2024-05-09T12:56:49 IST" skipped="0">
  <testcase classname="Basic.LaunchExecution" name="demo" time="10.032"/>
  <testcase classname="Basic.LaunchExecution" name="mumbaiIndians" time="39.998"/>
  <testcase classname="Basic.LaunchExecution" name="Rcb" time="54.062"/>
  <testcase classname="Basic.LaunchExecution" name="csk" time="38.663"/>
</testsuite> <!-- Basic.LaunchExecution -->
