<?xml version="1.0" encoding="UTF-8"?>
<!-- Generated by org.testng.reporters.JUnitReportReporter -->
<testsuite hostname="LAPTOP-ATK0T12F" failures="0" tests="1" name="ClassAssignment.ShopperstackEditProfile" time="31.577" errors="0" timestamp="2024-05-20T09:05:22 IST" skipped="0">
  <testcase classname="ClassAssignment.ShopperstackEditProfile" name="editProfile" time="31.577"/>
</testsuite> <!-- ClassAssignment.ShopperstackEditProfile -->
