<?xml version="1.0" encoding="UTF-8"?>
<!-- Generated by org.testng.reporters.JUnitReportReporter -->
<testsuite hostname="LAPTOP-ATK0T12F" failures="0" tests="1" name="Basic.Tira" time="0.026" errors="0" timestamp="2024-05-09T12:18:57 IST" skipped="0">
  <testcase classname="Basic.Tira" name="Ajio" time="0.026"/>
</testsuite> <!-- Basic.Tira -->
