<?xml version="1.0" encoding="UTF-8"?>
<!-- Generated by org.testng.reporters.JUnitReportReporter -->
<testsuite hostname="LAPTOP-ATK0T12F" failures="0" tests="2" name="TestNGTravel.MakeMyTrip" time="21.005" errors="0" timestamp="2024-05-27T09:54:58 IST" skipped="0">
  <testcase classname="TestNGTravel.MakeMyTrip" name="MMT" time="11.584"/>
  <testcase classname="TestNGTravel.MakeMyTrip" name="MMT" time="9.421"/>
</testsuite> <!-- TestNGTravel.MakeMyTrip -->
