<?xml version="1.0" encoding="UTF-8"?>
<!-- Generated by org.testng.reporters.JUnitReportReporter -->
<testsuite hostname="LAPTOP-ATK0T12F" failures="0" tests="1" name="TestNGFashion.AjioShop" time="13.603" errors="0" timestamp="2024-05-18T11:00:10 IST" skipped="0">
  <testcase classname="TestNGFashion.AjioShop" name="Ajio" time="13.603"/>
</testsuite> <!-- TestNGFashion.AjioShop -->
