<?xml version="1.0" encoding="UTF-8"?>
<!-- Generated by org.testng.reporters.JUnitReportReporter -->
<testsuite hostname="LAPTOP-ATK0T12F" failures="0" tests="1" name="POM.loginDWS" time="16.865" errors="0" timestamp="2024-05-27T12:18:46 IST" skipped="0">
  <testcase classname="POM.loginDWS" name="login" time="16.865"/>
</testsuite> <!-- POM.loginDWS -->
