<?xml version="1.0" encoding="UTF-8"?>
<!-- Generated by org.testng.reporters.JUnitReportReporter -->
<testsuite hostname="LAPTOP-ATK0T12F" failures="0" tests="1" name="TestNGFashion.DemoWebShop" time="6.575" errors="0" timestamp="2024-05-18T11:00:10 IST" skipped="0">
  <testcase classname="TestNGFashion.DemoWebShop" name="DWS" time="6.575"/>
</testsuite> <!-- TestNGFashion.DemoWebShop -->
