<?xml version="1.0" encoding="UTF-8"?>
<!-- Generated by org.testng.reporters.JUnitReportReporter -->
<testsuite hostname="LAPTOP-ATK0T12F" failures="0" tests="1" name="Extent_Report.SampleReport" time="0.961" errors="0" timestamp="2024-05-30T09:28:07 IST" skipped="0">
  <testcase classname="Extent_Report.SampleReport" name="launchTheReport" time="0.961"/>
</testsuite> <!-- Extent_Report.SampleReport -->
